<?xml version="1.0" encoding="UTF-8"?>
<coverage generated="1751408820975" clover="3.2.0">
  <project timestamp="1751408820975" name="All files">
    <metrics statements="32" coveredstatements="16" conditionals="12" coveredconditionals="8" methods="7" coveredmethods="5" elements="51" coveredelements="29" complexity="0" loc="32" ncloc="32" packages="1" files="3" classes="3"/>
    <file name="asyncHandler.js" path="/home/kavia/workspace/cmfc5badcc/youtube-clone-backend/src/middlewares/asyncHandler.js">
      <metrics statements="3" coveredstatements="3" conditionals="0" coveredconditionals="0" methods="2" coveredmethods="2"/>
      <line num="1" count="3" type="stmt"/>
      <line num="2" count="3" type="stmt"/>
      <line num="4" count="1" type="stmt"/>
    </file>
    <file name="auth.js" path="/home/kavia/workspace/cmfc5badcc/youtube-clone-backend/src/middlewares/auth.js">
      <metrics statements="16" coveredstatements="0" conditionals="4" coveredconditionals="0" methods="2" coveredmethods="0"/>
      <line num="1" count="0" type="stmt"/>
      <line num="2" count="0" type="stmt"/>
      <line num="4" count="0" type="stmt"/>
      <line num="5" count="0" type="cond" truecount="0" falsecount="2"/>
      <line num="6" count="0" type="stmt"/>
      <line num="12" count="0" type="stmt"/>
      <line num="14" count="0" type="stmt"/>
      <line num="15" count="0" type="stmt"/>
      <line num="17" count="0" type="stmt"/>
      <line num="33" count="0" type="stmt"/>
      <line num="34" count="0" type="stmt"/>
      <line num="36" count="0" type="stmt"/>
      <line num="43" count="0" type="stmt"/>
      <line num="44" count="0" type="cond" truecount="0" falsecount="2"/>
      <line num="45" count="0" type="stmt"/>
      <line num="48" count="0" type="stmt"/>
    </file>
    <file name="errorHandler.js" path="/home/kavia/workspace/cmfc5badcc/youtube-clone-backend/src/middlewares/errorHandler.js">
      <metrics statements="13" coveredstatements="13" conditionals="8" coveredconditionals="8" methods="3" coveredmethods="3"/>
      <line num="1" count="1" type="stmt"/>
      <line num="2" count="5" type="cond" truecount="2" falsecount="0"/>
      <line num="3" count="5" type="cond" truecount="2" falsecount="0"/>
      <line num="5" count="5" type="cond" truecount="2" falsecount="0"/>
      <line num="6" count="3" type="stmt"/>
      <line num="7" count="2" type="stmt"/>
      <line num="8" count="2" type="stmt"/>
      <line num="11" count="5" type="cond" truecount="2" falsecount="0"/>
      <line num="12" count="1" type="stmt"/>
      <line num="13" count="1" type="stmt"/>
      <line num="14" count="1" type="stmt"/>
      <line num="17" count="5" type="stmt"/>
      <line num="20" count="1" type="stmt"/>
    </file>
  </project>
</coverage>
