{"/home/kavia/workspace/cmfc5badcc/youtube-clone-backend/src/middlewares/asyncHandler.js": {"path":"/home/kavia/workspace/cmfc5badcc/youtube-clone-backend/src/middlewares/asyncHandler.js","statementMap":{"0":{"start":{"line":1,"column":21},"end":{"line":2,"column":49}},"1":{"start":{"line":1,"column":29},"end":{"line":2,"column":49}},"2":{"start":{"line":2,"column":2},"end":{"line":2,"column":49}},"3":{"start":{"line":4,"column":0},"end":{"line":4,"column":30}}},"fnMap":{"0":{"name":"(anonymous_0)","decl":{"start":{"line":1,"column":21},"end":{"line":1,"column":22}},"loc":{"start":{"line":1,"column":29},"end":{"line":2,"column":49}},"line":1},"1":{"name":"(anonymous_1)","decl":{"start":{"line":1,"column":29},"end":{"line":1,"column":30}},"loc":{"start":{"line":2,"column":2},"end":{"line":2,"column":49}},"line":2}},"branchMap":{},"s":{"0":1,"1":3,"2":3,"3":1},"f":{"0":3,"1":3},"b":{},"_coverageSchema":"1a1c01bbd47fc00a2c39e90264f33305004495a9","hash":"73ee1f22150cb511f12e8a901f90eaa630e6cdb3"}
,"/home/kavia/workspace/cmfc5badcc/youtube-clone-backend/src/middlewares/errorHandler.js": {"path":"/home/kavia/workspace/cmfc5badcc/youtube-clone-backend/src/middlewares/errorHandler.js","statementMap":{"0":{"start":{"line":1,"column":21},"end":{"line":18,"column":1}},"1":{"start":{"line":2,"column":16},"end":{"line":2,"column":54}},"2":{"start":{"line":3,"column":19},"end":{"line":3,"column":40}},"3":{"start":{"line":5,"column":2},"end":{"line":9,"column":3}},"4":{"start":{"line":6,"column":19},"end":{"line":6,"column":56}},"5":{"start":{"line":6,"column":45},"end":{"line":6,"column":55}},"6":{"start":{"line":7,"column":4},"end":{"line":7,"column":71}},"7":{"start":{"line":8,"column":4},"end":{"line":8,"column":21}},"8":{"start":{"line":11,"column":2},"end":{"line":15,"column":3}},"9":{"start":{"line":12,"column":18},"end":{"line":12,"column":58}},"10":{"start":{"line":12,"column":44},"end":{"line":12,"column":54}},"11":{"start":{"line":13,"column":4},"end":{"line":13,"column":46}},"12":{"start":{"line":14,"column":4},"end":{"line":14,"column":21}},"13":{"start":{"line":17,"column":2},"end":{"line":17,"column":61}},"14":{"start":{"line":20,"column":0},"end":{"line":20,"column":30}}},"fnMap":{"0":{"name":"(anonymous_0)","decl":{"start":{"line":1,"column":21},"end":{"line":1,"column":22}},"loc":{"start":{"line":1,"column":46},"end":{"line":18,"column":1}},"line":1},"1":{"name":"(anonymous_1)","decl":{"start":{"line":6,"column":34},"end":{"line":6,"column":35}},"loc":{"start":{"line":6,"column":45},"end":{"line":6,"column":55}},"line":6},"2":{"name":"(anonymous_2)","decl":{"start":{"line":12,"column":33},"end":{"line":12,"column":34}},"loc":{"start":{"line":12,"column":44},"end":{"line":12,"column":54}},"line":12}},"branchMap":{"0":{"loc":{"start":{"line":2,"column":16},"end":{"line":2,"column":54}},"type":"binary-expr","locations":[{"start":{"line":2,"column":16},"end":{"line":2,"column":27}},{"start":{"line":2,"column":31},"end":{"line":2,"column":54}}],"line":2},"1":{"loc":{"start":{"line":3,"column":19},"end":{"line":3,"column":40}},"type":"binary-expr","locations":[{"start":{"line":3,"column":19},"end":{"line":3,"column":33}},{"start":{"line":3,"column":37},"end":{"line":3,"column":40}}],"line":3},"2":{"loc":{"start":{"line":5,"column":2},"end":{"line":9,"column":3}},"type":"if","locations":[{"start":{"line":5,"column":2},"end":{"line":9,"column":3}},{"start":{},"end":{}}],"line":5},"3":{"loc":{"start":{"line":11,"column":2},"end":{"line":15,"column":3}},"type":"if","locations":[{"start":{"line":11,"column":2},"end":{"line":15,"column":3}},{"start":{},"end":{}}],"line":11}},"s":{"0":1,"1":5,"2":5,"3":5,"4":2,"5":3,"6":2,"7":2,"8":5,"9":1,"10":1,"11":1,"12":1,"13":5,"14":1},"f":{"0":5,"1":3,"2":1},"b":{"0":[5,3],"1":[5,5],"2":[2,3],"3":[1,4]},"_coverageSchema":"1a1c01bbd47fc00a2c39e90264f33305004495a9","hash":"68c63307ff00bd09c101112a0b3f23a2cfd78660"}
,"/home/kavia/workspace/cmfc5badcc/youtube-clone-backend/src/models/Comment.js": {"path":"/home/kavia/workspace/cmfc5badcc/youtube-clone-backend/src/models/Comment.js","statementMap":{"0":{"start":{"line":1,"column":22},"end":{"line":1,"column":42}},"1":{"start":{"line":3,"column":0},"end":{"line":15,"column":5}},"2":{"start":{"line":4,"column":2},"end":{"line":15,"column":4}}},"fnMap":{"0":{"name":"(anonymous_0)","decl":{"start":{"line":3,"column":17},"end":{"line":3,"column":18}},"loc":{"start":{"line":4,"column":2},"end":{"line":15,"column":4}},"line":4}},"branchMap":{},"s":{"0":1,"1":1,"2":1},"f":{"0":1},"b":{},"_coverageSchema":"1a1c01bbd47fc00a2c39e90264f33305004495a9","hash":"5726534de55c9cd242a0e33646bae9f1a984dad0"}
,"/home/kavia/workspace/cmfc5badcc/youtube-clone-backend/src/models/Subscription.js": {"path":"/home/kavia/workspace/cmfc5badcc/youtube-clone-backend/src/models/Subscription.js","statementMap":{"0":{"start":{"line":1,"column":22},"end":{"line":1,"column":42}},"1":{"start":{"line":3,"column":0},"end":{"line":15,"column":5}},"2":{"start":{"line":4,"column":2},"end":{"line":15,"column":4}}},"fnMap":{"0":{"name":"(anonymous_0)","decl":{"start":{"line":3,"column":17},"end":{"line":3,"column":18}},"loc":{"start":{"line":4,"column":2},"end":{"line":15,"column":4}},"line":4}},"branchMap":{},"s":{"0":1,"1":1,"2":1},"f":{"0":1},"b":{},"_coverageSchema":"1a1c01bbd47fc00a2c39e90264f33305004495a9","hash":"a6d3f74410f0f7acbb845320f1335c2302476a46"}
,"/home/kavia/workspace/cmfc5badcc/youtube-clone-backend/src/models/User.js": {"path":"/home/kavia/workspace/cmfc5badcc/youtube-clone-backend/src/models/User.js","statementMap":{"0":{"start":{"line":1,"column":22},"end":{"line":1,"column":42}},"1":{"start":{"line":3,"column":0},"end":{"line":58,"column":2}},"2":{"start":{"line":4,"column":2},"end":{"line":57,"column":5}}},"fnMap":{"0":{"name":"(anonymous_0)","decl":{"start":{"line":3,"column":17},"end":{"line":3,"column":18}},"loc":{"start":{"line":3,"column":43},"end":{"line":58,"column":1}},"line":3}},"branchMap":{},"s":{"0":1,"1":1,"2":1},"f":{"0":1},"b":{},"_coverageSchema":"1a1c01bbd47fc00a2c39e90264f33305004495a9","hash":"2f2eeefe607d39bc5fe6de31ba1e0fbecd6d8164"}
,"/home/kavia/workspace/cmfc5badcc/youtube-clone-backend/src/models/Video.js": {"path":"/home/kavia/workspace/cmfc5badcc/youtube-clone-backend/src/models/Video.js","statementMap":{"0":{"start":{"line":1,"column":22},"end":{"line":1,"column":42}},"1":{"start":{"line":3,"column":0},"end":{"line":27,"column":2}},"2":{"start":{"line":4,"column":2},"end":{"line":26,"column":5}}},"fnMap":{"0":{"name":"(anonymous_0)","decl":{"start":{"line":3,"column":17},"end":{"line":3,"column":18}},"loc":{"start":{"line":3,"column":43},"end":{"line":27,"column":1}},"line":3}},"branchMap":{},"s":{"0":1,"1":1,"2":1},"f":{"0":1},"b":{},"_coverageSchema":"1a1c01bbd47fc00a2c39e90264f33305004495a9","hash":"dc24968cb74bfde7552c56c4bad918b5fb40293c"}
,"/home/kavia/workspace/cmfc5badcc/youtube-clone-backend/src/models/VideoLike.js": {"path":"/home/kavia/workspace/cmfc5badcc/youtube-clone-backend/src/models/VideoLike.js","statementMap":{"0":{"start":{"line":1,"column":22},"end":{"line":1,"column":42}},"1":{"start":{"line":3,"column":0},"end":{"line":15,"column":5}},"2":{"start":{"line":4,"column":2},"end":{"line":15,"column":4}}},"fnMap":{"0":{"name":"(anonymous_0)","decl":{"start":{"line":3,"column":17},"end":{"line":3,"column":18}},"loc":{"start":{"line":4,"column":2},"end":{"line":15,"column":4}},"line":4}},"branchMap":{},"s":{"0":1,"1":1,"2":1},"f":{"0":1},"b":{},"_coverageSchema":"1a1c01bbd47fc00a2c39e90264f33305004495a9","hash":"72197a01f05f6b591423cc72345828f11e119eb4"}
,"/home/kavia/workspace/cmfc5badcc/youtube-clone-backend/src/models/View.js": {"path":"/home/kavia/workspace/cmfc5badcc/youtube-clone-backend/src/models/View.js","statementMap":{"0":{"start":{"line":1,"column":22},"end":{"line":1,"column":42}},"1":{"start":{"line":3,"column":0},"end":{"line":11,"column":5}},"2":{"start":{"line":4,"column":2},"end":{"line":11,"column":4}}},"fnMap":{"0":{"name":"(anonymous_0)","decl":{"start":{"line":3,"column":17},"end":{"line":3,"column":18}},"loc":{"start":{"line":4,"column":2},"end":{"line":11,"column":4}},"line":4}},"branchMap":{},"s":{"0":1,"1":1,"2":1},"f":{"0":1},"b":{},"_coverageSchema":"1a1c01bbd47fc00a2c39e90264f33305004495a9","hash":"de2b8f22c8cb2dbf640968d6ae4e11bf97bab0b9"}
,"/home/kavia/workspace/cmfc5badcc/youtube-clone-backend/tests/unit/models/setupTestDB.js": {"path":"/home/kavia/workspace/cmfc5badcc/youtube-clone-backend/tests/unit/models/setupTestDB.js","statementMap":{"0":{"start":{"line":1,"column":33},"end":{"line":1,"column":53}},"1":{"start":{"line":8,"column":20},"end":{"line":10,"column":4}},"2":{"start":{"line":12,"column":28},"end":{"line":12,"column":30}},"3":{"start":{"line":14,"column":2},"end":{"line":16,"column":3}},"4":{"start":{"line":15,"column":4},"end":{"line":15,"column":61}},"5":{"start":{"line":18,"column":2},"end":{"line":18,"column":50}},"6":{"start":{"line":21,"column":0},"end":{"line":21,"column":29}}},"fnMap":{"0":{"name":"setupTestDB","decl":{"start":{"line":7,"column":9},"end":{"line":7,"column":20}},"loc":{"start":{"line":7,"column":29},"end":{"line":19,"column":1}},"line":7}},"branchMap":{},"s":{"0":6,"1":6,"2":6,"3":6,"4":6,"5":6,"6":6},"f":{"0":6},"b":{},"_coverageSchema":"1a1c01bbd47fc00a2c39e90264f33305004495a9","hash":"e6355faeba3efb20ace361dd286664d7f116c28e"}
}
