TN:
SF:src/middlewares/asyncHandler.js
FN:1,(anonymous_0)
FN:1,(anonymous_1)
FNF:2
FNH:2
FNDA:3,(anonymous_0)
FNDA:3,(anonymous_1)
DA:1,3
DA:2,3
DA:4,1
LF:3
LH:3
BRF:0
BRH:0
end_of_record
TN:
SF:src/middlewares/auth.js
FN:4,(anonymous_0)
FN:43,(anonymous_1)
FNF:2
FNH:0
FNDA:0,(anonymous_0)
FNDA:0,(anonymous_1)
DA:1,0
DA:2,0
DA:4,0
DA:5,0
DA:6,0
DA:12,0
DA:14,0
DA:15,0
DA:17,0
DA:33,0
DA:34,0
DA:36,0
DA:43,0
DA:44,0
DA:45,0
DA:48,0
LF:16
LH:0
BRDA:5,0,0,0
BRDA:5,0,1,0
BRDA:44,1,0,0
BRDA:44,1,1,0
BRF:4
BRH:0
end_of_record
TN:
SF:src/middlewares/errorHandler.js
FN:1,(anonymous_0)
FN:6,(anonymous_1)
FN:12,(anonymous_2)
FNF:3
FNH:3
FNDA:5,(anonymous_0)
FNDA:3,(anonymous_1)
FNDA:1,(anonymous_2)
DA:1,1
DA:2,5
DA:3,5
DA:5,5
DA:6,3
DA:7,2
DA:8,2
DA:11,5
DA:12,1
DA:13,1
DA:14,1
DA:17,5
DA:20,1
LF:13
LH:13
BRDA:2,0,0,5
BRDA:2,0,1,3
BRDA:3,1,0,5
BRDA:3,1,1,5
BRDA:5,2,0,2
BRDA:5,2,1,3
BRDA:11,3,0,1
BRDA:11,3,1,4
BRF:8
BRH:8
end_of_record
