TN:
SF:src/middlewares/asyncHandler.js
FN:1,(anonymous_0)
FN:1,(anonymous_1)
FNF:2
FNH:2
FNDA:3,(anonymous_0)
FNDA:3,(anonymous_1)
DA:1,3
DA:2,3
DA:4,1
LF:3
LH:3
BRF:0
BRH:0
end_of_record
TN:
SF:src/middlewares/errorHandler.js
FN:1,(anonymous_0)
FN:6,(anonymous_1)
FN:12,(anonymous_2)
FNF:3
FNH:3
FNDA:5,(anonymous_0)
FNDA:3,(anonymous_1)
FNDA:1,(anonymous_2)
DA:1,1
DA:2,5
DA:3,5
DA:5,5
DA:6,3
DA:7,2
DA:8,2
DA:11,5
DA:12,1
DA:13,1
DA:14,1
DA:17,5
DA:20,1
LF:13
LH:13
BRDA:2,0,0,5
BRDA:2,0,1,3
BRDA:3,1,0,5
BRDA:3,1,1,5
BRDA:5,2,0,2
BRDA:5,2,1,3
BRDA:11,3,0,1
BRDA:11,3,1,4
BRF:8
BRH:8
end_of_record
TN:
SF:src/models/Comment.js
FN:3,(anonymous_0)
FNF:1
FNH:1
FNDA:1,(anonymous_0)
DA:1,1
DA:3,1
DA:4,1
LF:3
LH:3
BRF:0
BRH:0
end_of_record
TN:
SF:src/models/Subscription.js
FN:3,(anonymous_0)
FNF:1
FNH:1
FNDA:1,(anonymous_0)
DA:1,1
DA:3,1
DA:4,1
LF:3
LH:3
BRF:0
BRH:0
end_of_record
TN:
SF:src/models/User.js
FN:3,(anonymous_0)
FNF:1
FNH:1
FNDA:1,(anonymous_0)
DA:1,1
DA:3,1
DA:4,1
LF:3
LH:3
BRF:0
BRH:0
end_of_record
TN:
SF:src/models/Video.js
FN:3,(anonymous_0)
FNF:1
FNH:1
FNDA:1,(anonymous_0)
DA:1,1
DA:3,1
DA:4,1
LF:3
LH:3
BRF:0
BRH:0
end_of_record
TN:
SF:src/models/VideoLike.js
FN:3,(anonymous_0)
FNF:1
FNH:1
FNDA:1,(anonymous_0)
DA:1,1
DA:3,1
DA:4,1
LF:3
LH:3
BRF:0
BRH:0
end_of_record
TN:
SF:src/models/View.js
FN:3,(anonymous_0)
FNF:1
FNH:1
FNDA:1,(anonymous_0)
DA:1,1
DA:3,1
DA:4,1
LF:3
LH:3
BRF:0
BRH:0
end_of_record
TN:
SF:tests/unit/models/setupTestDB.js
FN:7,setupTestDB
FNF:1
FNH:1
FNDA:6,setupTestDB
DA:1,6
DA:8,6
DA:12,6
DA:14,6
DA:15,6
DA:18,6
DA:21,6
LF:7
LH:7
BRF:0
BRH:0
end_of_record
